<?xml version="1.0" encoding="UTF-8"?>
<!-- Generated by org.testng.reporters.JUnitReportReporter -->
<testsuite hostname="PG014UCR" name="com.backbase.CreateNewComputerTestCases.TC_01_Add_New_Com_Thread_Local" tests="2" failures="0" timestamp="27 Nov 2018 13:23:10 GMT" time="43.532" errors="0">
  <testcase name="TC_01_Verify_New_Computer_Addition_With_Valid_Data_Thread_Local" time="13.114" classname="com.backbase.CreateNewComputerTestCases.TC_01_Add_New_Com_Thread_Local"/>
  <testcase name="TC_01_Verify_New_Computer_Addition_With_Valid_Data_Thread_Local" time="30.418" classname="com.backbase.CreateNewComputerTestCases.TC_01_Add_New_Com_Thread_Local"/>
</testsuite> <!-- com.backbase.CreateNewComputerTestCases.TC_01_Add_New_Com_Thread_Local -->
