<?xml version="1.0" encoding="UTF-8"?>
<!-- Generated by org.testng.reporters.JUnitReportReporter -->
<testsuite hostname="PG014UCR" name="com.backbase.CreateNewComputerTestCases.TC_01_Zoho_HomePage_Verification_Thread_Local" tests="2" failures="0" timestamp="29 Nov 2018 04:39:18 GMT" time="63.000" errors="0">
  <testcase name="TC_01_Verify_App_Home_Page_Thread_Local" time="21.919" classname="com.backbase.CreateNewComputerTestCases.TC_01_Zoho_HomePage_Verification_Thread_Local"/>
  <testcase name="TC_01_Verify_App_Home_Page_Thread_Local" time="41.081" classname="com.backbase.CreateNewComputerTestCases.TC_01_Zoho_HomePage_Verification_Thread_Local"/>
</testsuite> <!-- com.backbase.CreateNewComputerTestCases.TC_01_Zoho_HomePage_Verification_Thread_Local -->
