<?xml version="1.0" encoding="UTF-8"?>
<!-- Generated by org.testng.reporters.JUnitReportReporter -->
<testsuite hostname="PG014UCR" name="com.zoho.HomeTestCases.TC_01_Zoho_HomePage_Verification_Thread_Local" tests="2" failures="0" timestamp="7 Dec 2018 06:16:32 GMT" time="27.310" errors="0">
  <testcase name="TC_01_Verify_App_Home_Page_Thread_Local" time="10.329" classname="com.zoho.HomeTestCases.TC_01_Zoho_HomePage_Verification_Thread_Local"/>
  <testcase name="TC_01_Verify_App_Home_Page_Thread_Local" time="16.981" classname="com.zoho.HomeTestCases.TC_01_Zoho_HomePage_Verification_Thread_Local"/>
</testsuite> <!-- com.zoho.HomeTestCases.TC_01_Zoho_HomePage_Verification_Thread_Local -->
