<?xml version="1.0" encoding="UTF-8"?>
<!-- Generated by org.testng.reporters.JUnitReportReporter -->
<testsuite hostname="PG014UCR" name="com.zoho.HomeTestCases.TC_01_Zoho_HomePage_Verification_Thread_Local" tests="2" failures="0" timestamp="9 Dec 2018 12:31:46 GMT" time="28.092" errors="0">
  <testcase name="TC_01_Verify_App_Home_Page_Thread_Local" time="8.330" classname="com.zoho.HomeTestCases.TC_01_Zoho_HomePage_Verification_Thread_Local"/>
  <testcase name="TC_01_Verify_App_Home_Page_Thread_Local" time="19.762" classname="com.zoho.HomeTestCases.TC_01_Zoho_HomePage_Verification_Thread_Local"/>
</testsuite> <!-- com.zoho.HomeTestCases.TC_01_Zoho_HomePage_Verification_Thread_Local -->
