<?xml version="1.0" encoding="UTF-8"?>
<!-- Generated by org.testng.reporters.JUnitReportReporter -->
<testsuite hostname="PG014UCR" name="com.zoho.HomeTestCases.TC_01_Zoho_HomePage_Verification_Thread_Local" tests="2" failures="1" timestamp="4 Dec 2018 10:36:07 GMT" time="10.934" errors="0">
  <testcase name="TC_01_Verify_App_Home_Page_Thread_Local" time="10.933" classname="com.zoho.HomeTestCases.TC_01_Zoho_HomePage_Verification_Thread_Local"/>
  <testcase name="TC_01_Verify_App_Home_Page_Thread_Local" time="0.001" classname="com.zoho.HomeTestCases.TC_01_Zoho_HomePage_Verification_Thread_Local"/>
</testsuite> <!-- com.zoho.HomeTestCases.TC_01_Zoho_HomePage_Verification_Thread_Local -->
